<?xml version="1.0" encoding="UTF-8"?>
<testsuite xmlns:xsi="http://www.w3.org/2001/XMLSchema-instance" xsi:noNamespaceSchemaLocation="https://maven.apache.org/surefire/maven-surefire-plugin/xsd/surefire-test-report-3.0.xsd" version="3.0" name="com.udacity.catpoint.security.service.SecurityServiceTest" time="0.673" tests="13" errors="0" skipped="0" failures="0">
  <properties>
[...]
</properties>
  <testcase name="when_imageServiceIdentifiesNoCatImage_changeStatusToNoAlarmAsLongSensorsNotActive" classname="com.udacity.catpoint.security.service.SecurityServiceTest" time="0.588"/>
  <testcase name="when_SensorActivatedWhileActiveAndPendingAlarm_changeStatusToAlarm" classname="com.udacity.catpoint.security.service.SecurityServiceTest" time="0.006"/>
  <testcase name="when_systemArmedHomeWhileImageServiceIdentifiesCat_changeStatusToAlarm" classname="com.udacity.catpoint.security.service.SecurityServiceTest" time="0.006"/>
  <testcase name="when_ImageServiceIdentifiesCatWhileAlarmArmedHome_changeStatusToAlarm" classname="com.udacity.catpoint.security.service.SecurityServiceTest" time="0.003"/>
  <testcase name="when_PendingAlarmAndAllSensorInactive_returnNoAlarmState" classname="com.udacity.catpoint.security.service.SecurityServiceTest" time="0.002"/>
  <testcase name="when_sensorDeactivatedWhileInactive_noChangesToAlarmState(AlarmStatus)[1]" classname="com.udacity.catpoint.security.service.SecurityServiceTest" time="0.011"/>
  <testcase name="when_sensorDeactivatedWhileInactive_noChangesToAlarmState(AlarmStatus)[2]" classname="com.udacity.catpoint.security.service.SecurityServiceTest" time="0.002"/>
  <testcase name="when_sensorDeactivatedWhileInactive_noChangesToAlarmState(AlarmStatus)[3]" classname="com.udacity.catpoint.security.service.SecurityServiceTest" time="0.002"/>
  <testcase name="when_SystemArmedAndSensorActivated_changeStatusToPending" classname="com.udacity.catpoint.security.service.SecurityServiceTest" time="0.002"/>
  <testcase name="when_AlarmIsActive_changeSensorShouldNotAffectAlarmState" classname="com.udacity.catpoint.security.service.SecurityServiceTest" time="0.005"/>
  <testcase name="when_systemDisarmed_setNoAlarmState" classname="com.udacity.catpoint.security.service.SecurityServiceTest" time="0.002"/>
  <testcase name="when_SystemArmedAndSensorActivatedAndPendingState_changeStatusToAlarm" classname="com.udacity.catpoint.security.service.SecurityServiceTest" time="0.002"/>
  <testcase name="when_systemArmed_resetSensorsToInactive" classname="com.udacity.catpoint.security.service.SecurityServiceTest" time="0.002"/>
</testsuite>